kotlin version: 2.2.10
error message: java.lang.RuntimeException: Exception while generating code for:
FUN name:rememberVisibilityTracker visibility:public modality:FINAL returnType:kotlin.Unit
  VALUE_PARAMETER kind:Regular name:listState index:0 type:androidx.compose.foundation.lazy.LazyListState
  VALUE_PARAMETER kind:Regular name:config index:1 type:com.surajkamble.cozy_tracker.lib.VisibilityConfig
    EXPRESSION_BODY
      ERROR_EXPR 'Default Stub' type=com.surajkamble.cozy_tracker.lib.VisibilityConfig
  VALUE_PARAMETER kind:Regular name:onItemViewed index:2 type:kotlin.Function2<@[ParameterName(name = "key")] kotlin.Any, @[ParameterName(name = "durationMs")] kotlin.Long, kotlin.Unit>
  annotations:
    Composable
  BLOCK_BODY
    VAR name:lifecycleOwner type:androidx.lifecycle.LifecycleOwner [val]
      CALL 'public final fun <get-current> (): T of androidx.compose.runtime.CompositionLocal [inline] declared in androidx.compose.runtime.CompositionLocal' type=androidx.lifecycle.LifecycleOwner origin=GET_PROPERTY
        ARG <this>: TYPE_OP type=androidx.compose.runtime.CompositionLocal<T of androidx.compose.runtime.CompositionLocal> origin=IMPLICIT_CAST typeOperand=androidx.compose.runtime.CompositionLocal<T of androidx.compose.runtime.CompositionLocal>
          CALL 'public final fun <get-LocalLifecycleOwner> (): androidx.compose.runtime.ProvidableCompositionLocal<androidx.lifecycle.LifecycleOwner> declared in androidx.compose.ui.platform.AndroidCompositionLocals_androidKt' type=androidx.compose.runtime.ProvidableCompositionLocal<androidx.lifecycle.LifecycleOwner> origin=GET_PROPERTY
    VAR name:tracker type:com.surajkamble.cozy_tracker.lib.VisibilityTracker [val]
      CALL 'public final fun remember <T> (calculation: @[DisallowComposableCalls] kotlin.Function0<T of androidx.compose.runtime.ComposablesKt.remember>): T of androidx.compose.runtime.ComposablesKt.remember [inline] declared in androidx.compose.runtime.ComposablesKt' type=com.surajkamble.cozy_tracker.lib.VisibilityTracker origin=null
        TYPE_ARG T: com.surajkamble.cozy_tracker.lib.VisibilityTracker
        ARG calculation: BLOCK type=kotlin.Function0<com.surajkamble.cozy_tracker.lib.VisibilityTracker> origin=LAMBDA
          COMPOSITE type=kotlin.Unit origin=null
          FUNCTION_REFERENCE 'private final fun rememberVisibilityTracker$lambda$0 ($onItemViewed: kotlin.Function2<@[ParameterName(name = "key")] kotlin.Any, @[ParameterName(name = "durationMs")] kotlin.Long, kotlin.Unit>): com.surajkamble.cozy_tracker.lib.VisibilityTracker declared in com.surajkamble.cozy_tracker.lib.VisibilityObserverKt' type=kotlin.Function0<com.surajkamble.cozy_tracker.lib.VisibilityTracker> origin=INLINE_LAMBDA reflectionTarget=null
            ARG $onItemViewed: GET_VAR 'onItemViewed: kotlin.Function2<@[ParameterName(name = "key")] kotlin.Any, @[ParameterName(name = "durationMs")] kotlin.Long, kotlin.Unit> declared in com.surajkamble.cozy_tracker.lib.VisibilityObserverKt.rememberVisibilityTracker' type=kotlin.Function2<@[ParameterName(name = "key")] kotlin.Any, @[ParameterName(name = "durationMs")] kotlin.Long, kotlin.Unit> origin=null
    CALL 'public final fun DisposableEffect (key1: kotlin.Any?, key2: kotlin.Any?, effect: @[ExtensionFunctionType] kotlin.Function1<androidx.compose.runtime.DisposableEffectScope, androidx.compose.runtime.DisposableEffectResult>): kotlin.Unit declared in androidx.compose.runtime.EffectsKt' type=kotlin.Unit origin=null
      ARG key1: GET_VAR 'val lifecycleOwner: androidx.lifecycle.LifecycleOwner [val] declared in com.surajkamble.cozy_tracker.lib.VisibilityObserverKt.rememberVisibilityTracker' type=androidx.lifecycle.LifecycleOwner origin=null
      ARG key2: GET_VAR 'listState: androidx.compose.foundation.lazy.LazyListState declared in com.surajkamble.cozy_tracker.lib.VisibilityObserverKt.rememberVisibilityTracker' type=androidx.compose.foundation.lazy.LazyListState origin=null
      ARG effect: BLOCK type=@[ExtensionFunctionType] kotlin.Function1<androidx.compose.runtime.DisposableEffectScope, androidx.compose.runtime.DisposableEffectResult> origin=LAMBDA
        COMPOSITE type=kotlin.Unit origin=null
        CALL 'public final fun <jvm-indy> <T> (dynamicCall: T of kotlin.jvm.internal.<jvm-indy>, bootstrapMethodHandle: kotlin.Any, vararg bootstrapMethodArguments: kotlin.Any): T of kotlin.jvm.internal.<jvm-indy> declared in kotlin.jvm.internal' type=@[ExtensionFunctionType] kotlin.Function1<androidx.compose.runtime.DisposableEffectScope, androidx.compose.runtime.DisposableEffectResult> origin=null
          TYPE_ARG T: @[ExtensionFunctionType] kotlin.Function1<androidx.compose.runtime.DisposableEffectScope, androidx.compose.runtime.DisposableEffectResult>
          ARG dynamicCall: CALL 'public final fun invoke (p0: androidx.lifecycle.LifecycleOwner, p1: com.surajkamble.cozy_tracker.lib.VisibilityTracker): @[ExtensionFunctionType] kotlin.Function1<androidx.compose.runtime.DisposableEffectScope, androidx.compose.runtime.DisposableEffectResult> declared in kotlin.jvm.internal.invokeDynamic' type=@[ExtensionFunctionType] kotlin.Function1<androidx.compose.runtime.DisposableEffectScope, androidx.compose.runtime.DisposableEffectResult> origin=null
            ARG p0: GET_VAR 'val lifecycleOwner: androidx.lifecycle.LifecycleOwner [val] declared in com.surajkamble.cozy_tracker.lib.VisibilityObserverKt.rememberVisibilityTracker' type=androidx.lifecycle.LifecycleOwner origin=null
            ARG p1: GET_VAR 'val tracker: com.surajkamble.cozy_tracker.lib.VisibilityTracker [val] declared in com.surajkamble.cozy_tracker.lib.VisibilityObserverKt.rememberVisibilityTracker' type=com.surajkamble.cozy_tracker.lib.VisibilityTracker origin=null
          ARG bootstrapMethodHandle: CALL 'public final fun <jvm-method-handle> (tag: kotlin.Int, owner: kotlin.String, name: kotlin.String, descriptor: kotlin.String, isInterface: kotlin.Boolean): kotlin.Any declared in kotlin.jvm.internal' type=kotlin.Any origin=null
            ARG tag: CONST Int type=kotlin.Int value=6
            ARG owner: CONST String type=kotlin.String value="java/lang/invoke/LambdaMetafactory"
            ARG name: CONST String type=kotlin.String value="metafactory"
            ARG descriptor: CONST String type=kotlin.String value="(Ljava/lang/invoke/MethodHandles$Lookup;Ljava/lang/String;Ljava/lang/invoke/MethodType;Ljava/lang/invoke/MethodType;Ljava/lang/invoke/MethodHandle;Ljava/lang/invoke/MethodType;)Ljava/lang/invoke/CallSite;"
            ARG isInterface: CONST Boolean type=kotlin.Boolean value=false
          ARG bootstrapMethodArguments: VARARG type=kotlin.Array<kotlin.Any> varargElementType=kotlin.Any
            CALL 'public final fun <jvm-original-method-type> (method: kotlin.Any): kotlin.Any declared in kotlin.jvm.internal' type=kotlin.Any origin=null
              ARG method: RAW_FUNCTION_REFERENCE 'public abstract fun invoke (p1: P1 of kotlin.Function1): R of kotlin.Function1 [operator] declared in kotlin.Function1' type=kotlin.Any
            RAW_FUNCTION_REFERENCE 'private final fun rememberVisibilityTracker$lambda$3 ($lifecycleOwner: androidx.lifecycle.LifecycleOwner, $tracker: com.surajkamble.cozy_tracker.lib.VisibilityTracker, $this$DisposableEffect: androidx.compose.runtime.DisposableEffectScope): androidx.compose.runtime.DisposableEffectResult declared in com.surajkamble.cozy_tracker.lib.VisibilityObserverKt' type=kotlin.Any
            CALL 'public final fun <jvm-original-method-type> (method: kotlin.Any): kotlin.Any declared in kotlin.jvm.internal' type=kotlin.Any origin=null
              ARG method: RAW_FUNCTION_REFERENCE 'public abstract fun invoke (p1: androidx.compose.runtime.DisposableEffectScope): androidx.compose.runtime.DisposableEffectResult [fake_override,operator] declared in kotlin.jvm.internal.invokeDynamic.<fake>' type=kotlin.Any
    CALL 'public final fun LaunchedEffect (key1: kotlin.Any?, key2: kotlin.Any?, block: @[ExtensionFunctionType] kotlin.coroutines.SuspendFunction1<kotlinx.coroutines.CoroutineScope, kotlin.Unit>): kotlin.Unit declared in androidx.compose.runtime.EffectsKt' type=kotlin.Unit origin=null
      ARG key1: GET_VAR 'listState: androidx.compose.foundation.lazy.LazyListState declared in com.surajkamble.cozy_tracker.lib.VisibilityObserverKt.rememberVisibilityTracker' type=androidx.compose.foundation.lazy.LazyListState origin=null
      ARG key2: GET_VAR 'config: com.surajkamble.cozy_tracker.lib.VisibilityConfig declared in com.surajkamble.cozy_tracker.lib.VisibilityObserverKt.rememberVisibilityTracker' type=com.surajkamble.cozy_tracker.lib.VisibilityConfig origin=null
      ARG block: BLOCK type=com.surajkamble.cozy_tracker.lib.VisibilityObserverKt.rememberVisibilityTracker.<no name provided> origin=null
        CLASS SUSPEND_LAMBDA CLASS name:<no name provided> modality:FINAL visibility:public/*package*/ superTypes:[kotlin.coroutines.jvm.internal.SuspendLambda; kotlin.jvm.functions.Function2<kotlinx.coroutines.CoroutineScope, kotlin.coroutines.Continuation<kotlin.Unit>?, kotlin.Any?>]
          thisReceiver: VALUE_PARAMETER INSTANCE_RECEIVER kind:DispatchReceiver name:<this> type:com.surajkamble.cozy_tracker.lib.VisibilityObserverKt.rememberVisibilityTracker.<no name provided>
          FIELD name:label type:kotlin.Int visibility:public/*package*/
          FIELD FIELD_FOR_CAPTURED_VALUE name:L$0 type:kotlin.Any? visibility:private
          CONSTRUCTOR SUSPEND_LAMBDA visibility:public/*package*/ returnType:com.surajkamble.cozy_tracker.lib.VisibilityObserverKt.rememberVisibilityTracker.<no name provided> [primary]
            VALUE_PARAMETER BOUND_VALUE_PARAMETER kind:Regular name:$config index:0 type:com.surajkamble.cozy_tracker.lib.VisibilityConfig
            VALUE_PARAMETER BOUND_VALUE_PARAMETER kind:Regular name:$listState index:1 type:androidx.compose.foundation.lazy.LazyListState
            VALUE_PARAMETER BOUND_VALUE_PARAMETER kind:Regular name:$tracker index:2 type:com.surajkamble.cozy_tracker.lib.VisibilityTracker
            VALUE_PARAMETER kind:Regular name:$completion index:3 type:kotlin.coroutines.Continuation<com.surajkamble.cozy_tracker.lib.VisibilityObserverKt.rememberVisibilityTracker.<no name provided>>?
            BLOCK_BODY
              SET_FIELD 'FIELD FIELD_FOR_CAPTURED_VALUE name:$config type:com.surajkamble.cozy_tracker.lib.VisibilityConfig visibility:public/*package*/ [final] declared in com.surajkamble.cozy_tracker.lib.VisibilityObserverKt.rememberVisibilityTracker.<no name provided>' type=kotlin.Unit origin=INITIALIZER_OF_FIELD_FOR_CAPTURED_VALUE
                receiver: GET_VAR '<this>: com.surajkamble.cozy_tracker.lib.VisibilityObserverKt.rememberVisibilityTracker.<no name provided> declared in com.surajkamble.cozy_tracker.lib.VisibilityObserverKt.rememberVisibilityTracker.<no name provided>' type=com.surajkamble.cozy_tracker.lib.VisibilityObserverKt.rememberVisibilityTracker.<no name provided> origin=null
                value: GET_VAR '$config: com.surajkamble.cozy_tracker.lib.VisibilityConfig declared in com.surajkamble.cozy_tracker.lib.VisibilityObserverKt.rememberVisibilityTracker.<no name provided>.<init>' type=com.surajkamble.cozy_tracker.lib.VisibilityConfig origin=null
              SET_FIELD 'FIELD FIELD_FOR_CAPTURED_VALUE name:$listState type:androidx.compose.foundation.lazy.LazyListState visibility:public/*package*/ [final] declared in com.surajkamble.cozy_tracker.lib.VisibilityObserverKt.rememberVisibilityTracker.<no name provided>' type=kotlin.Unit origin=INITIALIZER_OF_FIELD_FOR_CAPTURED_VALUE
                receiver: GET_VAR '<this>: com.surajkamble.cozy_tracker.lib.VisibilityObserverKt.rememberVisibilityTracker.<no name provided> declared in com.surajkamble.cozy_tracker.lib.VisibilityObserverKt.rememberVisibilityTracker.<no name provided>' type=com.surajkamble.cozy_tracker.lib.VisibilityObserverKt.rememberVisibilityTracker.<no name provided> origin=null
                value: GET_VAR '$listState: androidx.compose.foundation.lazy.LazyListState declared in com.surajkamble.cozy_tracker.lib.VisibilityObserverKt.rememberVisibilityTracker.<no name provided>.<init>' type=androidx.compose.foundation.lazy.LazyListState origin=null
              SET_FIELD 'FIELD FIELD_FOR_CAPTURED_VALUE name:$tracker type:com.surajkamble.cozy_tracker.lib.VisibilityTracker visibility:public/*package*/ [final] declared in com.surajkamble.cozy_tracker.lib.VisibilityObserverKt.rememberVisibilityTracker.<no name provided>' type=kotlin.Unit origin=INITIALIZER_OF_FIELD_FOR_CAPTURED_VALUE
                receiver: GET_VAR '<this>: com.surajkamble.cozy_tracker.lib.VisibilityObserverKt.rememberVisibilityTracker.<no name provided> declared in com.surajkamble.cozy_tracker.lib.VisibilityObserverKt.rememberVisibilityTracker.<no name provided>' type=com.surajkamble.cozy_tracker.lib.VisibilityObserverKt.rememberVisibilityTracker.<no name provided> origin=null
                value: GET_VAR '$tracker: com.surajkamble.cozy_tracker.lib.VisibilityTracker declared in com.surajkamble.cozy_tracker.lib.VisibilityObserverKt.rememberVisibilityTracker.<no name provided>.<init>' type=com.surajkamble.cozy_tracker.lib.VisibilityTracker origin=null
              DELEGATING_CONSTRUCTOR_CALL 'public constructor <init> (arity: kotlin.Int, $completion: kotlin.coroutines.Continuation<kotlin.Any?>?) declared in kotlin.coroutines.jvm.internal.SuspendLambda'
                ARG arity: CONST Int type=kotlin.Int value=2
                ARG $completion: GET_VAR '$completion: kotlin.coroutines.Continuation<com.surajkamble.cozy_tracker.lib.VisibilityObserverKt.rememberVisibilityTracker.<no name provided>>? declared in com.surajkamble.cozy_tracker.lib.VisibilityObserverKt.rememberVisibilityTracker.<no name provided>.<init>' type=kotlin.coroutines.Continuation<com.surajkamble.cozy_tracker.lib.VisibilityObserverKt.rememberVisibilityTracker.<no name provided>>? origin=null
              BLOCK type=kotlin.Unit origin=null
          FUN name:invokeSuspend visibility:public modality:FINAL returnType:kotlin.Any?
            VALUE_PARAMETER INSTANCE_RECEIVER kind:DispatchReceiver name:<this> index:0 type:com.surajkamble.cozy_tracker.lib.VisibilityObserverKt.rememberVisibilityTracker.<no name provided>
            VALUE_PARAMETER kind:Regular name:$result index:1 type:kotlin.Result<kotlin.Any?>
            overridden:
              protected abstract fun invokeSuspend ($result: kotlin.Result<kotlin.Any?>): kotlin.Any? declared in kotlin.coroutines.jvm.internal.SuspendLambda
            BLOCK_BODY
              VAR SUSPEND_LAMBDA_PARAMETER name:$this$LaunchedEffect type:kotlinx.coroutines.CoroutineScope [val]
                BLOCK type=kotlinx.coroutines.CoroutineScope origin=null
                  GET_FIELD 'FIELD FIELD_FOR_CAPTURED_VALUE name:L$0 type:kotlin.Any? visibility:private declared in com.surajkamble.cozy_tracker.lib.VisibilityObserverKt.rememberVisibilityTracker.<no name provided>' type=kotlinx.coroutines.CoroutineScope origin=null
                    receiver: GET_VAR '<this>: com.surajkamble.cozy_tracker.lib.VisibilityObserverKt.rememberVisibilityTracker.<no name provided> declared in com.surajkamble.cozy_tracker.lib.VisibilityObserverKt.rememberVisibilityTracker.<no name provided>.invokeSuspend' type=com.surajkamble.cozy_tracker.lib.VisibilityObserverKt.rememberVisibilityTracker.<no name provided> origin=null
              COMPOSITE type=kotlin.Unit origin=null
                CALL 'public final fun launchIn <T> (<this>: kotlinx.coroutines.flow.Flow<T of kotlinx.coroutines.flow.FlowKt.launchIn>, scope: kotlinx.coroutines.CoroutineScope): kotlinx.coroutines.Job declared in kotlinx.coroutines.flow.FlowKt' type=kotlinx.coroutines.Job origin=null
                  TYPE_ARG T: androidx.compose.foundation.lazy.LazyListLayoutInfo
                  ARG <this>: CALL 'public final fun flowOn <T> (<this>: kotlinx.coroutines.flow.Flow<T of kotlinx.coroutines.flow.FlowKt.flowOn>, context: kotlin.coroutines.CoroutineContext): kotlinx.coroutines.flow.Flow<T of kotlinx.coroutines.flow.FlowKt.flowOn> declared in kotlinx.coroutines.flow.FlowKt' type=kotlinx.coroutines.flow.Flow<androidx.compose.foundation.lazy.LazyListLayoutInfo> origin=null
                    TYPE_ARG T: androidx.compose.foundation.lazy.LazyListLayoutInfo
                    ARG <this>: CALL 'public final fun onEach <T> (<this>: kotlinx.coroutines.flow.Flow<T of kotlinx.coroutines.flow.FlowKt.onEach>, action: kotlin.coroutines.SuspendFunction1<T of kotlinx.coroutines.flow.FlowKt.onEach, kotlin.Unit>): kotlinx.coroutines.flow.Flow<T of kotlinx.coroutines.flow.FlowKt.onEach> declared in kotlinx.coroutines.flow.FlowKt' type=kotlinx.coroutines.flow.Flow<androidx.compose.foundation.lazy.LazyListLayoutInfo> origin=null
                      TYPE_ARG T: androidx.compose.foundation.lazy.LazyListLayoutInfo
                      ARG <this>: CALL 'public final fun debounce <T> (<this>: kotlinx.coroutines.flow.Flow<T of kotlinx.coroutines.flow.FlowKt.debounce>, timeoutMillis: kotlin.Long): kotlinx.coroutines.flow.Flow<T of kotlinx.coroutines.flow.FlowKt.debounce> declared in kotlinx.coroutines.flow.FlowKt' type=kotlinx.coroutines.flow.Flow<androidx.compose.foundation.lazy.LazyListLayoutInfo> origin=null
                        TYPE_ARG T: androidx.compose.foundation.lazy.LazyListLayoutInfo
                        ARG <this>: CALL 'public final fun filter <T> (<this>: kotlinx.coroutines.flow.Flow<T of kotlinx.coroutines.flow.FlowKt.filter>, predicate: kotlin.coroutines.SuspendFunction1<T of kotlinx.coroutines.flow.FlowKt.filter, kotlin.Boolean>): kotlinx.coroutines.flow.Flow<T of kotlinx.coroutines.flow.FlowKt.filter> [inline] declared in kotlinx.coroutines.flow.FlowKt' type=kotlinx.coroutines.flow.Flow<androidx.compose.foundation.lazy.LazyListLayoutInfo> origin=null
                          TYPE_ARG T: androidx.compose.foundation.lazy.LazyListLayoutInfo
                          ARG <this>: CALL 'public final fun distinctUntilChanged <T> (<this>: kotlinx.coroutines.flow.Flow<T of kotlinx.coroutines.flow.FlowKt.distinctUntilChanged>): kotlinx.coroutines.flow.Flow<T of kotlinx.coroutines.flow.FlowKt.distinctUntilChanged> declared in kotlinx.coroutines.flow.FlowKt' type=kotlinx.coroutines.flow.Flow<androidx.compose.foundation.lazy.LazyListLayoutInfo> origin=null
                            TYPE_ARG T: androidx.compose.foundation.lazy.LazyListLayoutInfo
                            ARG <this>: CALL 'public final fun snapshotFlow <T> (block: kotlin.Function0<T of androidx.compose.runtime.SnapshotStateKt.snapshotFlow>): kotlinx.coroutines.flow.Flow<T of androidx.compose.runtime.SnapshotStateKt.snapshotFlow> declared in androidx.compose.runtime.SnapshotStateKt' type=kotlinx.coroutines.flow.Flow<androidx.compose.foundation.lazy.LazyListLayoutInfo> origin=null
                              TYPE_ARG T: androidx.compose.foundation.lazy.LazyListLayoutInfo
                              ARG block: BLOCK type=kotlin.Function0<androidx.compose.foundation.lazy.LazyListLayoutInfo> origin=LAMBDA
                                COMPOSITE type=kotlin.Unit origin=null
                                CALL 'public final fun <jvm-indy> <T> (dynamicCall: T of kotlin.jvm.internal.<jvm-indy>, bootstrapMethodHandle: kotlin.Any, vararg bootstrapMethodArguments: kotlin.Any): T of kotlin.jvm.internal.<jvm-indy> declared in kotlin.jvm.internal' type=kotlin.Function0<androidx.compose.foundation.lazy.LazyListLayoutInfo> origin=null
                                  TYPE_ARG T: kotlin.Function0<androidx.compose.foundation.lazy.LazyListLayoutInfo>
                                  ARG dynamicCall: CALL 'public final fun invoke (p0: androidx.compose.foundation.lazy.LazyListState): kotlin.Function0<androidx.compose.foundation.lazy.LazyListLayoutInfo> declared in kotlin.jvm.internal.invokeDynamic' type=kotlin.Function0<androidx.compose.foundation.lazy.LazyListLayoutInfo> origin=null
                                    ARG p0: GET_FIELD 'FIELD FIELD_FOR_CAPTURED_VALUE name:$listState type:androidx.compose.foundation.lazy.LazyListState visibility:public/*package*/ [final] declared in com.surajkamble.cozy_tracker.lib.VisibilityObserverKt.rememberVisibilityTracker.<no name provided>' type=androidx.compose.foundation.lazy.LazyListState origin=null
                                      receiver: GET_VAR '<this>: com.surajkamble.cozy_tracker.lib.VisibilityObserverKt.rememberVisibilityTracker.<no name provided> declared in com.surajkamble.cozy_tracker.lib.VisibilityObserverKt.rememberVisibilityTracker.<no name provided>.invokeSuspend' type=com.surajkamble.cozy_tracker.lib.VisibilityObserverKt.rememberVisibilityTracker.<no name provided> origin=null
                                  ARG bootstrapMethodHandle: CALL 'public final fun <jvm-method-handle> (tag: kotlin.Int, owner: kotlin.String, name: kotlin.String, descriptor: kotlin.String, isInterface: kotlin.Boolean): kotlin.Any declared in kotlin.jvm.internal' type=kotlin.Any origin=null
                                    ARG tag: CONST Int type=kotlin.Int value=6
                                    ARG owner: CONST String type=kotlin.String value="java/lang/invoke/LambdaMetafactory"
                                    ARG name: CONST String type=kotlin.String value="metafactory"
                                    ARG descriptor: CONST String type=kotlin.String value="(Ljava/lang/invoke/MethodHandles$Lookup;Ljava/lang/String;Ljava/lang/invoke/MethodType;Ljava/lang/invoke/MethodType;Ljava/lang/invoke/MethodHandle;Ljava/lang/invoke/MethodType;)Ljava/lang/invoke/CallSite;"
                                    ARG isInterface: CONST Boolean type=kotlin.Boolean value=false
                                  ARG bootstrapMethodArguments: VARARG type=kotlin.Array<kotlin.Any> varargElementType=kotlin.Any
                                    CALL 'public final fun <jvm-original-method-type> (method: kotlin.Any): kotlin.Any declared in kotlin.jvm.internal' type=kotlin.Any origin=null
                                      ARG method: RAW_FUNCTION_REFERENCE 'public abstract fun invoke (): R of kotlin.Function0 [operator] declared in kotlin.Function0' type=kotlin.Any
                                    RAW_FUNCTION_REFERENCE 'private final fun invokeSuspend$lambda$0 ($listState: androidx.compose.foundation.lazy.LazyListState): androidx.compose.foundation.lazy.LazyListLayoutInfo declared in com.surajkamble.cozy_tracker.lib.VisibilityObserverKt.rememberVisibilityTracker.<no name provided>' type=kotlin.Any
                                    CALL 'public final fun <jvm-original-method-type> (method: kotlin.Any): kotlin.Any declared in kotlin.jvm.internal' type=kotlin.Any origin=null
                                      ARG method: RAW_FUNCTION_REFERENCE 'public abstract fun invoke (): androidx.compose.foundation.lazy.LazyListLayoutInfo [fake_override,operator] declared in kotlin.jvm.internal.invokeDynamic.<fake>' type=kotlin.Any
                          ARG predicate: BLOCK type=kotlin.coroutines.SuspendFunction1<androidx.compose.foundation.lazy.LazyListLayoutInfo, kotlin.Boolean> origin=LAMBDA
                            COMPOSITE type=kotlin.Unit origin=null
                            FUNCTION_REFERENCE 'private final fun invokeSuspend$lambda$1 (it: androidx.compose.foundation.lazy.LazyListLayoutInfo, $completion: kotlin.coroutines.Continuation<kotlin.Boolean>): kotlin.Any? [suspend] declared in com.surajkamble.cozy_tracker.lib.VisibilityObserverKt.rememberVisibilityTracker.<no name provided>' type=kotlin.coroutines.SuspendFunction1<androidx.compose.foundation.lazy.LazyListLayoutInfo, kotlin.Boolean> origin=INLINE_LAMBDA reflectionTarget=null
                        ARG timeoutMillis: CALL 'public final fun <get-debounceIntervalMs> (): kotlin.Long declared in com.surajkamble.cozy_tracker.lib.VisibilityConfig' type=kotlin.Long origin=GET_PROPERTY
                          ARG <this>: GET_FIELD 'FIELD FIELD_FOR_CAPTURED_VALUE name:$config type:com.surajkamble.cozy_tracker.lib.VisibilityConfig visibility:public/*package*/ [final] declared in com.surajkamble.cozy_tracker.lib.VisibilityObserverKt.rememberVisibilityTracker.<no name provided>' type=com.surajkamble.cozy_tracker.lib.VisibilityConfig origin=null
                            receiver: GET_VAR '<this>: com.surajkamble.cozy_tracker.lib.VisibilityObserverKt.rememberVisibilityTracker.<no name provided> declared in com.surajkamble.cozy_tracker.lib.VisibilityObserverKt.rememberVisibilityTracker.<no name provided>.invokeSuspend' type=com.surajkamble.cozy_tracker.lib.VisibilityObserverKt.rememberVisibilityTracker.<no name provided> origin=null
                      ARG action: BLOCK type=com.surajkamble.cozy_tracker.lib.VisibilityObserverKt.rememberVisibilityTracker.<no name provided>.invokeSuspend.<no name provided> origin=null
                        CLASS SUSPEND_LAMBDA CLASS name:<no name provided> modality:FINAL visibility:public/*package*/ superTypes:[kotlin.coroutines.jvm.internal.SuspendLambda; kotlin.jvm.functions.Function2<androidx.compose.foundation.lazy.LazyListLayoutInfo, kotlin.coroutines.Continuation<kotlin.Unit>?, kotlin.Any?>]
                          thisReceiver: VALUE_PARAMETER INSTANCE_RECEIVER kind:DispatchReceiver name:<this> type:com.surajkamble.cozy_tracker.lib.VisibilityObserverKt.rememberVisibilityTracker.<no name provided>.invokeSuspend.<no name provided>
                          FIELD name:label type:kotlin.Int visibility:public/*package*/
                          FIELD FIELD_FOR_CAPTURED_VALUE name:L$0 type:kotlin.Any? visibility:public/*package*/
                          CONSTRUCTOR SUSPEND_LAMBDA visibility:public/*package*/ returnType:com.surajkamble.cozy_tracker.lib.VisibilityObserverKt.rememberVisibilityTracker.<no name provided>.invokeSuspend.<no name provided> [primary]
                            VALUE_PARAMETER BOUND_VALUE_PARAMETER kind:Regular name:$tracker index:0 type:com.surajkamble.cozy_tracker.lib.VisibilityTracker
                            VALUE_PARAMETER BOUND_VALUE_PARAMETER kind:Regular name:$config index:1 type:com.surajkamble.cozy_tracker.lib.VisibilityConfig
                            VALUE_PARAMETER kind:Regular name:$completion index:2 type:kotlin.coroutines.Continuation<com.surajkamble.cozy_tracker.lib.VisibilityObserverKt.rememberVisibilityTracker.<no name provided>.invokeSuspend.<no name provided>>?
                            BLOCK_BODY
                              SET_FIELD 'FIELD FIELD_FOR_CAPTURED_VALUE name:$tracker type:com.surajkamble.cozy_tracker.lib.VisibilityTracker visibility:public/*package*/ [final] declared in com.surajkamble.cozy_tracker.lib.VisibilityObserverKt.rememberVisibilityTracker.<no name provided>.invokeSuspend.<no name provided>' type=kotlin.Unit origin=INITIALIZER_OF_FIELD_FOR_CAPTURED_VALUE
                                receiver: GET_VAR '<this>: com.surajkamble.cozy_tracker.lib.VisibilityObserverKt.rememberVisibilityTracker.<no name provided>.invokeSuspend.<no name provided> declared in com.surajkamble.cozy_tracker.lib.VisibilityObserverKt.rememberVisibilityTracker.<no name provided>.invokeSuspend.<no name provided>' type=com.surajkamble.cozy_tracker.lib.VisibilityObserverKt.rememberVisibilityTracker.<no name provided>.invokeSuspend.<no name provided> origin=null
                                value: GET_VAR '$tracker: com.surajkamble.cozy_tracker.lib.VisibilityTracker declared in com.surajkamble.cozy_tracker.lib.VisibilityObserverKt.rememberVisibilityTracker.<no name provided>.invokeSuspend.<no name provided>.<init>' type=com.surajkamble.cozy_tracker.lib.VisibilityTracker origin=null
                              SET_FIELD 'FIELD FIELD_FOR_CAPTURED_VALUE name:$config type:com.surajkamble.cozy_tracker.lib.VisibilityConfig visibility:public/*package*/ [final] declared in com.surajkamble.cozy_tracker.lib.VisibilityObserverKt.rememberVisibilityTracker.<no name provided>.invokeSuspend.<no name provided>' type=kotlin.Unit origin=INITIALIZER_OF_FIELD_FOR_CAPTURED_VALUE
                                receiver: GET_VAR '<this>: com.surajkamble.cozy_tracker.lib.VisibilityObserverKt.rememberVisibilityTracker.<no name provided>.invokeSuspend.<no name provided> declared in com.surajkamble.cozy_tracker.lib.VisibilityObserverKt.rememberVisibilityTracker.<no name provided>.invokeSuspend.<no name provided>' type=com.surajkamble.cozy_tracker.lib.VisibilityObserverKt.rememberVisibilityTracker.<no name provided>.invokeSuspend.<no name provided> origin=null
                                value: GET_VAR '$config: com.surajkamble.cozy_tracker.lib.VisibilityConfig declared in com.surajkamble.cozy_tracker.lib.VisibilityObserverKt.rememberVisibilityTracker.<no name provided>.invokeSuspend.<no name provided>.<init>' type=com.surajkamble.cozy_tracker.lib.VisibilityConfig origin=null
                              DELEGATING_CONSTRUCTOR_CALL 'public constructor <init> (arity: kotlin.Int, $completion: kotlin.coroutines.Continuation<kotlin.Any?>?) declared in kotlin.coroutines.jvm.internal.SuspendLambda'
                                ARG arity: CONST Int type=kotlin.Int value=2
                                ARG $completion: GET_VAR '$completion: kotlin.coroutines.Continuation<com.surajkamble.cozy_tracker.lib.VisibilityObserverKt.rememberVisibilityTracker.<no name provided>.invokeSuspend.<no name provided>>? declared in com.surajkamble.cozy_tracker.lib.VisibilityObserverKt.rememberVisibilityTracker.<no name provided>.invokeSuspend.<no name provided>.<init>' type=kotlin.coroutines.Continuation<com.surajkamble.cozy_tracker.lib.VisibilityObserverKt.rememberVisibilityTracker.<no name provided>.invokeSuspend.<no name provided>>? origin=null
                              BLOCK type=kotlin.Unit origin=null
                          FUN name:invokeSuspend visibility:public modality:FINAL returnType:kotlin.Any?
                            VALUE_PARAMETER INSTANCE_RECEIVER kind:DispatchReceiver name:<this> index:0 type:com.surajkamble.cozy_tracker.lib.VisibilityObserverKt.rememberVisibilityTracker.<no name provided>.invokeSuspend.<no name provided>
                            VALUE_PARAMETER kind:Regular name:$result index:1 type:kotlin.Result<kotlin.Any?>
                            overridden:
                              protected abstract fun invokeSuspend ($result: kotlin.Result<kotlin.Any?>): kotlin.Any? declared in kotlin.coroutines.jvm.internal.SuspendLambda
                            BLOCK_BODY
                              VAR SUSPEND_LAMBDA_PARAMETER name:it type:androidx.compose.foundation.lazy.LazyListLayoutInfo [val]
                                BLOCK type=androidx.compose.foundation.lazy.LazyListLayoutInfo origin=null
                                  GET_FIELD 'FIELD FIELD_FOR_CAPTURED_VALUE name:L$0 type:kotlin.Any? visibility:public/*package*/ declared in com.surajkamble.cozy_tracker.lib.VisibilityObserverKt.rememberVisibilityTracker.<no name provided>.invokeSuspend.<no name provided>' type=androidx.compose.foundation.lazy.LazyListLayoutInfo origin=null
                                    receiver: GET_VAR '<this>: com.surajkamble.cozy_tracker.lib.VisibilityObserverKt.rememberVisibilityTracker.<no name provided>.invokeSuspend.<no name provided> declared in com.surajkamble.cozy_tracker.lib.VisibilityObserverKt.rememberVisibilityTracker.<no name provided>.invokeSuspend.<no name provided>.invokeSuspend' type=com.surajkamble.cozy_tracker.lib.VisibilityObserverKt.rememberVisibilityTracker.<no name provided>.invokeSuspend.<no name provided> origin=null
                              CALL 'public final fun processVisibility (layoutInfo: androidx.compose.foundation.lazy.LazyListLayoutInfo, config: com.surajkamble.cozy_tracker.lib.VisibilityConfig): kotlin.Unit declared in com.surajkamble.cozy_tracker.lib.VisibilityTracker' type=kotlin.Unit origin=null
                                ARG <this>: GET_FIELD 'FIELD FIELD_FOR_CAPTURED_VALUE name:$tracker type:com.surajkamble.cozy_tracker.lib.VisibilityTracker visibility:public/*package*/ [final] declared in com.surajkamble.cozy_tracker.lib.VisibilityObserverKt.rememberVisibilityTracker.<no name provided>.invokeSuspend.<no name provided>' type=com.surajkamble.cozy_tracker.lib.VisibilityTracker origin=null
                                  receiver: GET_VAR '<this>: com.surajkamble.cozy_tracker.lib.VisibilityObserverKt.rememberVisibilityTracker.<no name provided>.invokeSuspend.<no name provided> declared in com.surajkamble.cozy_tracker.lib.VisibilityObserverKt.rememberVisibilityTracker.<no name provided>.invokeSuspend.<no name provided>.invokeSuspend' type=com.surajkamble.cozy_tracker.lib.VisibilityObserverKt.rememberVisibilityTracker.<no name provided>.invokeSuspend.<no name provided> origin=null
                                ARG layoutInfo: GET_VAR 'val it: androidx.compose.foundation.lazy.LazyListLayoutInfo [val] declared in com.surajkamble.cozy_tracker.lib.VisibilityObserverKt.rememberVisibilityTracker.<no name provided>.invokeSuspend.<no name provided>.invokeSuspend' type=androidx.compose.foundation.lazy.LazyListLayoutInfo origin=null
                                ARG config: GET_FIELD 'FIELD FIELD_FOR_CAPTURED_VALUE name:$config type:com.surajkamble.cozy_tracker.lib.VisibilityConfig visibility:public/*package*/ [final] declared in com.surajkamble.cozy_tracker.lib.VisibilityObserverKt.rememberVisibilityTracker.<no name provided>.invokeSuspend.<no name provided>' type=com.surajkamble.cozy_tracker.lib.VisibilityConfig origin=null
                                  receiver: GET_VAR '<this>: com.surajkamble.cozy_tracker.lib.VisibilityObserverKt.rememberVisibilityTracker.<no name provided>.invokeSuspend.<no name provided> declared in com.surajkamble.cozy_tracker.lib.VisibilityObserverKt.rememberVisibilityTracker.<no name provided>.invokeSuspend.<no name provided>.invokeSuspend' type=com.surajkamble.cozy_tracker.lib.VisibilityObserverKt.rememberVisibilityTracker.<no name provided>.invokeSuspend.<no name provided> origin=null
                          FUN name:create visibility:public modality:FINAL returnType:kotlin.coroutines.Continuation<kotlin.Unit>
                            VALUE_PARAMETER INSTANCE_RECEIVER kind:DispatchReceiver name:<this> index:0 type:com.surajkamble.cozy_tracker.lib.VisibilityObserverKt.rememberVisibilityTracker.<no name provided>.invokeSuspend.<no name provided>
                            VALUE_PARAMETER kind:Regular name:value index:1 type:kotlin.Any?
                            VALUE_PARAMETER kind:Regular name:$completion index:2 type:kotlin.coroutines.Continuation<kotlin.Nothing>
                            overridden:
                              public open fun create (value: kotlin.Any?, $completion: kotlin.coroutines.Continuation<kotlin.Nothing>): kotlin.coroutines.Continuation<kotlin.Unit> declared in kotlin.coroutines.jvm.internal.SuspendLambda
                            BLOCK_BODY
                              VAR IR_TEMPORARY_VARIABLE name:tmp0_result type:com.surajkamble.cozy_tracker.lib.VisibilityObserverKt.rememberVisibilityTracker.<no name provided>.invokeSuspend.<no name provided> [val]
                                CONSTRUCTOR_CALL 'public/*package*/ constructor <init> ($tracker: com.surajkamble.cozy_tracker.lib.VisibilityTracker, $config: com.surajkamble.cozy_tracker.lib.VisibilityConfig, $completion: kotlin.coroutines.Continuation<com.surajkamble.cozy_tracker.lib.VisibilityObserverKt.rememberVisibilityTracker.<no name provided>.invokeSuspend.<no name provided>>?) [primary] declared in com.surajkamble.cozy_tracker.lib.VisibilityObserverKt.rememberVisibilityTracker.<no name provided>.invokeSuspend.<no name provided>' type=com.surajkamble.cozy_tracker.lib.VisibilityObserverKt.rememberVisibilityTracker.<no name provided>.invokeSuspend.<no name provided> origin=null
                                  ARG $tracker: GET_FIELD 'FIELD FIELD_FOR_CAPTURED_VALUE name:$tracker type:com.surajkamble.cozy_tracker.lib.VisibilityTracker visibility:public/*package*/ [final] declared in com.surajkamble.cozy_tracker.lib.VisibilityObserverKt.rememberVisibilityTracker.<no name provided>.invokeSuspend.<no name provided>' type=com.surajkamble.cozy_tracker.lib.VisibilityTracker origin=null
                                    receiver: GET_VAR '<this>: com.surajkamble.cozy_tracker.lib.VisibilityObserverKt.rememberVisibilityTracker.<no name provided>.invokeSuspend.<no name provided> declared in com.surajkamble.cozy_tracker.lib.VisibilityObserverKt.rememberVisibilityTracker.<no name provided>.invokeSuspend.<no name provided>.create' type=com.surajkamble.cozy_tracker.lib.VisibilityObserverKt.rememberVisibilityTracker.<no name provided>.invokeSuspend.<no name provided> origin=null
                                  ARG $config: GET_FIELD 'FIELD FIELD_FOR_CAPTURED_VALUE name:$config type:com.surajkamble.cozy_tracker.lib.VisibilityConfig visibility:public/*package*/ [final] declared in com.surajkamble.cozy_tracker.lib.VisibilityObserverKt.rememberVisibilityTracker.<no name provided>.invokeSuspend.<no name provided>' type=com.surajkamble.cozy_tracker.lib.VisibilityConfig origin=null
                                    receiver: GET_VAR '<this>: com.surajkamble.cozy_tracker.lib.VisibilityObserverKt.rememberVisibilityTracker.<no name provided>.invokeSuspend.<no name provided> declared in com.surajkamble.cozy_tracker.lib.VisibilityObserverKt.rememberVisibilityTracker.<no name provided>.invokeSuspend.<no name provided>.create' type=com.surajkamble.cozy_tracker.lib.VisibilityObserverKt.rememberVisibilityTracker.<no name provided>.invokeSuspend.<no name provided> origin=null
                                  ARG $completion: GET_VAR '$completion: kotlin.coroutines.Continuation<kotlin.Nothing> declared in com.surajkamble.cozy_tracker.lib.VisibilityObserverKt.rememberVisibilityTracker.<no name provided>.invokeSuspend.<no name provided>.create' type=kotlin.coroutines.Continuation<kotlin.Nothing> origin=null
                              SET_FIELD 'FIELD FIELD_FOR_CAPTURED_VALUE name:L$0 type:kotlin.Any? visibility:public/*package*/ declared in com.surajkamble.cozy_tracker.lib.VisibilityObserverKt.rememberVisibilityTracker.<no name provided>.invokeSuspend.<no name provided>' type=kotlin.Unit origin=null
                                receiver: GET_VAR 'val tmp0_result: com.surajkamble.cozy_tracker.lib.VisibilityObserverKt.rememberVisibilityTracker.<no name provided>.invokeSuspend.<no name provided> [val] declared in com.surajkamble.cozy_tracker.lib.VisibilityObserverKt.rememberVisibilityTracker.<no name provided>.invokeSuspend.<no name provided>.create' type=com.surajkamble.cozy_tracker.lib.VisibilityObserverKt.rememberVisibilityTracker.<no name provided>.invokeSuspend.<no name provided> origin=null
                                value: GET_VAR 'value: kotlin.Any? declared in com.surajkamble.cozy_tracker.lib.VisibilityObserverKt.rememberVisibilityTracker.<no name provided>.invokeSuspend.<no name provided>.create' type=kotlin.Any? origin=null
                              RETURN type=kotlin.Nothing from='public final fun create (value: kotlin.Any?, $completion: kotlin.coroutines.Continuation<kotlin.Nothing>): kotlin.coroutines.Continuation<kotlin.Unit> declared in com.surajkamble.cozy_tracker.lib.VisibilityObserverKt.rememberVisibilityTracker.<no name provided>.invokeSuspend.<no name provided>'
                                GET_VAR 'val tmp0_result: com.surajkamble.cozy_tracker.lib.VisibilityObserverKt.rememberVisibilityTracker.<no name provided>.invokeSuspend.<no name provided> [val] declared in com.surajkamble.cozy_tracker.lib.VisibilityObserverKt.rememberVisibilityTracker.<no name provided>.invokeSuspend.<no name provided>.create' type=com.surajkamble.cozy_tracker.lib.VisibilityObserverKt.rememberVisibilityTracker.<no name provided>.invokeSuspend.<no name provided> origin=null
                          FUN name:invoke visibility:public modality:FINAL returnType:kotlin.Any?
                            VALUE_PARAMETER INSTANCE_RECEIVER kind:DispatchReceiver name:<this> index:0 type:com.surajkamble.cozy_tracker.lib.VisibilityObserverKt.rememberVisibilityTracker.<no name provided>.invokeSuspend.<no name provided>
                            VALUE_PARAMETER kind:Regular name:p1 index:1 type:androidx.compose.foundation.lazy.LazyListLayoutInfo
                            VALUE_PARAMETER kind:Regular name:p2 index:2 type:kotlin.coroutines.Continuation<kotlin.Unit>?
                            overridden:
                              public abstract fun invoke (p1: P1 of kotlin.jvm.functions.Function2, p2: P2 of kotlin.jvm.functions.Function2): R of kotlin.jvm.functions.Function2 declared in kotlin.jvm.functions.Function2
                            BLOCK_BODY
                              RETURN type=kotlin.Nothing from='public final fun invoke (p1: androidx.compose.foundation.lazy.LazyListLayoutInfo, p2: kotlin.coroutines.Continuation<kotlin.Unit>?): kotlin.Any? declared in com.surajkamble.cozy_tracker.lib.VisibilityObserverKt.rememberVisibilityTracker.<no name provided>.invokeSuspend.<no name provided>'
                                CALL 'public final fun invokeSuspend ($result: kotlin.Result<kotlin.Any?>): kotlin.Any? declared in com.surajkamble.cozy_tracker.lib.VisibilityObserverKt.rememberVisibilityTracker.<no name provided>.invokeSuspend.<no name provided>' type=kotlin.Any? origin=null
                                  ARG <this>: TYPE_OP type=com.surajkamble.cozy_tracker.lib.VisibilityObserverKt.rememberVisibilityTracker.<no name provided>.invokeSuspend.<no name provided> origin=IMPLICIT_CAST typeOperand=com.surajkamble.cozy_tracker.lib.VisibilityObserverKt.rememberVisibilityTracker.<no name provided>.invokeSuspend.<no name provided>
                                    CALL 'public final fun create (value: kotlin.Any?, $completion: kotlin.coroutines.Continuation<kotlin.Nothing>): kotlin.coroutines.Continuation<kotlin.Unit> declared in com.surajkamble.cozy_tracker.lib.VisibilityObserverKt.rememberVisibilityTracker.<no name provided>.invokeSuspend.<no name provided>' type=kotlin.coroutines.Continuation<kotlin.Unit> origin=null
                                      ARG <this>: GET_VAR '<this>: com.surajkamble.cozy_tracker.lib.VisibilityObserverKt.rememberVisibilityTracker.<no name provided>.invokeSuspend.<no name provided> declared in com.surajkamble.cozy_tracker.lib.VisibilityObserverKt.rememberVisibilityTracker.<no name provided>.invokeSuspend.<no name provided>.invoke' type=com.surajkamble.cozy_tracker.lib.VisibilityObserverKt.rememberVisibilityTracker.<no name provided>.invokeSuspend.<no name provided> origin=null
                                      ARG value: GET_VAR 'p1: androidx.compose.foundation.lazy.LazyListLayoutInfo declared in com.surajkamble.cozy_tracker.lib.VisibilityObserverKt.rememberVisibilityTracker.<no name provided>.invokeSuspend.<no name provided>.invoke' type=androidx.compose.foundation.lazy.LazyListLayoutInfo origin=null
                                      ARG $completion: GET_VAR 'p2: kotlin.coroutines.Continuation<kotlin.Unit>? declared in com.surajkamble.cozy_tracker.lib.VisibilityObserverKt.rememberVisibilityTracker.<no name provided>.invokeSuspend.<no name provided>.invoke' type=kotlin.coroutines.Continuation<kotlin.Unit>? origin=null
                                  ARG $result: CALL 'public final fun <unsafe-coerce> <T, R> (v: T of kotlin.jvm.internal.<unsafe-coerce>): R of kotlin.jvm.internal.<unsafe-coerce> declared in kotlin.jvm.internal' type=kotlin.Result<kotlin.Any?> origin=null
                                    TYPE_ARG T: kotlin.Any?
                                    TYPE_ARG R: kotlin.Result<kotlin.Any?>
                                    ARG v: GET_FIELD 'FIELD FIELD_FOR_OBJECT_INSTANCE name:INSTANCE type:kotlin.Unit visibility:public [final,static] declared in kotlin.Unit' type=kotlin.Unit origin=null
                          FIELD FIELD_FOR_CAPTURED_VALUE name:$tracker type:com.surajkamble.cozy_tracker.lib.VisibilityTracker visibility:public/*package*/ [final]
                          FIELD FIELD_FOR_CAPTURED_VALUE name:$config type:com.surajkamble.cozy_tracker.lib.VisibilityConfig visibility:public/*package*/ [final]
                          FUN BRIDGE name:invoke visibility:public modality:OPEN returnType:kotlin.Any?
                            VALUE_PARAMETER INSTANCE_RECEIVER kind:DispatchReceiver name:<this> index:0 type:com.surajkamble.cozy_tracker.lib.VisibilityObserverKt.rememberVisibilityTracker.<no name provided>.invokeSuspend.<no name provided>
                            VALUE_PARAMETER BRIDGE kind:Regular name:p1 index:1 type:kotlin.Any?
                            VALUE_PARAMETER BRIDGE kind:Regular name:p2 index:2 type:kotlin.Any?
                            EXPRESSION_BODY
                              RETURN type=kotlin.Nothing from='public open fun invoke (p1: kotlin.Any?, p2: kotlin.Any?): kotlin.Any? declared in com.surajkamble.cozy_tracker.lib.VisibilityObserverKt.rememberVisibilityTracker.<no name provided>.invokeSuspend.<no name provided>'
                                CALL 'public final fun invoke (p1: androidx.compose.foundation.lazy.LazyListLayoutInfo, p2: kotlin.coroutines.Continuation<kotlin.Unit>?): kotlin.Any? declared in com.surajkamble.cozy_tracker.lib.VisibilityObserverKt.rememberVisibilityTracker.<no name provided>.invokeSuspend.<no name provided>' type=kotlin.Any? origin=BRIDGE_DELEGATION
                                  ARG <this>: GET_VAR '<this>: com.surajkamble.cozy_tracker.lib.VisibilityObserverKt.rememberVisibilityTracker.<no name provided>.invokeSuspend.<no name provided> declared in com.surajkamble.cozy_tracker.lib.VisibilityObserverKt.rememberVisibilityTracker.<no name provided>.invokeSuspend.<no name provided>.invoke' type=com.surajkamble.cozy_tracker.lib.VisibilityObserverKt.rememberVisibilityTracker.<no name provided>.invokeSuspend.<no name provided> origin=null
                                  ARG p1: TYPE_OP type=androidx.compose.foundation.lazy.LazyListLayoutInfo origin=IMPLICIT_CAST typeOperand=androidx.compose.foundation.lazy.LazyListLayoutInfo
                                    GET_VAR 'p1: kotlin.Any? declared in com.surajkamble.cozy_tracker.lib.VisibilityObserverKt.rememberVisibilityTracker.<no name provided>.invokeSuspend.<no name provided>.invoke' type=kotlin.Any? origin=null
                                  ARG p2: TYPE_OP type=kotlin.coroutines.Continuation<*> origin=IMPLICIT_CAST typeOperand=kotlin.coroutines.Continuation<*>
                                    GET_VAR 'p2: kotlin.Any? declared in com.surajkamble.cozy_tracker.lib.VisibilityObserverKt.rememberVisibilityTracker.<no name provided>.invokeSuspend.<no name provided>.invoke' type=kotlin.Any? origin=null
                        CONSTRUCTOR_CALL 'public/*package*/ constructor <init> ($tracker: com.surajkamble.cozy_tracker.lib.VisibilityTracker, $config: com.surajkamble.cozy_tracker.lib.VisibilityConfig, $completion: kotlin.coroutines.Continuation<com.surajkamble.cozy_tracker.lib.VisibilityObserverKt.rememberVisibilityTracker.<no name provided>.invokeSuspend.<no name provided>>?) [primary] declared in com.surajkamble.cozy_tracker.lib.VisibilityObserverKt.rememberVisibilityTracker.<no name provided>.invokeSuspend.<no name provided>' type=com.surajkamble.cozy_tracker.lib.VisibilityObserverKt.rememberVisibilityTracker.<no name provided>.invokeSuspend.<no name provided> origin=null
                          ARG $tracker: GET_FIELD 'FIELD FIELD_FOR_CAPTURED_VALUE name:$tracker type:com.surajkamble.cozy_tracker.lib.VisibilityTracker visibility:public/*package*/ [final] declared in com.surajkamble.cozy_tracker.lib.VisibilityObserverKt.rememberVisibilityTracker.<no name provided>' type=com.surajkamble.cozy_tracker.lib.VisibilityTracker origin=null
                            receiver: GET_VAR '<this>: com.surajkamble.cozy_tracker.lib.VisibilityObserverKt.rememberVisibilityTracker.<no name provided> declared in com.surajkamble.cozy_tracker.lib.VisibilityObserverKt.rememberVisibilityTracker.<no name provided>.invokeSuspend' type=com.surajkamble.cozy_tracker.lib.VisibilityObserverKt.rememberVisibilityTracker.<no name provided> origin=null
                          ARG $config: GET_FIELD 'FIELD FIELD_FOR_CAPTURED_VALUE name:$config type:com.surajkamble.cozy_tracker.lib.VisibilityConfig visibility:public/*package*/ [final] declared in com.surajkamble.cozy_tracker.lib.VisibilityObserverKt.rememberVisibilityTracker.<no name provided>' type=com.surajkamble.cozy_tracker.lib.VisibilityConfig origin=null
                            receiver: GET_VAR '<this>: com.surajkamble.cozy_tracker.lib.VisibilityObserverKt.rememberVisibilityTracker.<no name provided> declared in com.surajkamble.cozy_tracker.lib.VisibilityObserverKt.rememberVisibilityTracker.<no name provided>.invokeSuspend' type=com.surajkamble.cozy_tracker.lib.VisibilityObserverKt.rememberVisibilityTracker.<no name provided> origin=null
                          ARG $completion: CONST Null type=kotlin.Nothing? value=null
                    ARG context: CALL 'public final fun <get-Default> (): kotlinx.coroutines.CoroutineDispatcher declared in kotlinx.coroutines.Dispatchers' type=kotlinx.coroutines.CoroutineDispatcher origin=GET_PROPERTY
                  ARG scope: GET_VAR 'val $this$LaunchedEffect: kotlinx.coroutines.CoroutineScope [val] declared in com.surajkamble.cozy_tracker.lib.VisibilityObserverKt.rememberVisibilityTracker.<no name provided>.invokeSuspend' type=kotlinx.coroutines.CoroutineScope origin=null
                COMPOSITE type=kotlin.Unit origin=null
          FUN name:create visibility:public modality:FINAL returnType:kotlin.coroutines.Continuation<kotlin.Unit>
            VALUE_PARAMETER INSTANCE_RECEIVER kind:DispatchReceiver name:<this> index:0 type:com.surajkamble.cozy_tracker.lib.VisibilityObserverKt.rememberVisibilityTracker.<no name provided>
            VALUE_PARAMETER kind:Regular name:value index:1 type:kotlin.Any?
            VALUE_PARAMETER kind:Regular name:$completion index:2 type:kotlin.coroutines.Continuation<kotlin.Nothing>
            overridden:
              public open fun create (value: kotlin.Any?, $completion: kotlin.coroutines.Continuation<kotlin.Nothing>): kotlin.coroutines.Continuation<kotlin.Unit> declared in kotlin.coroutines.jvm.internal.SuspendLambda
            BLOCK_BODY
              VAR IR_TEMPORARY_VARIABLE name:tmp0_result type:com.surajkamble.cozy_tracker.lib.VisibilityObserverKt.rememberVisibilityTracker.<no name provided> [val]
                CONSTRUCTOR_CALL 'public/*package*/ constructor <init> ($config: com.surajkamble.cozy_tracker.lib.VisibilityConfig, $listState: androidx.compose.foundation.lazy.LazyListState, $tracker: com.surajkamble.cozy_tracker.lib.VisibilityTracker, $completion: kotlin.coroutines.Continuation<com.surajkamble.cozy_tracker.lib.VisibilityObserverKt.rememberVisibilityTracker.<no name provided>>?) [primary] declared in com.surajkamble.cozy_tracker.lib.VisibilityObserverKt.rememberVisibilityTracker.<no name provided>' type=com.surajkamble.cozy_tracker.lib.VisibilityObserverKt.rememberVisibilityTracker.<no name provided> origin=null
                  ARG $config: GET_FIELD 'FIELD FIELD_FOR_CAPTURED_VALUE name:$config type:com.surajkamble.cozy_tracker.lib.VisibilityConfig visibility:public/*package*/ [final] declared in com.surajkamble.cozy_tracker.lib.VisibilityObserverKt.rememberVisibilityTracker.<no name provided>' type=com.surajkamble.cozy_tracker.lib.VisibilityConfig origin=null
                    receiver: GET_VAR '<this>: com.surajkamble.cozy_tracker.lib.VisibilityObserverKt.rememberVisibilityTracker.<no name provided> declared in com.surajkamble.cozy_tracker.lib.VisibilityObserverKt.rememberVisibilityTracker.<no name provided>.create' type=com.surajkamble.cozy_tracker.lib.VisibilityObserverKt.rememberVisibilityTracker.<no name provided> origin=null
                  ARG $listState: GET_FIELD 'FIELD FIELD_FOR_CAPTURED_VALUE name:$listState type:androidx.compose.foundation.lazy.LazyListState visibility:public/*package*/ [final] declared in com.surajkamble.cozy_tracker.lib.VisibilityObserverKt.rememberVisibilityTracker.<no name provided>' type=androidx.compose.foundation.lazy.LazyListState origin=null
                    receiver: GET_VAR '<this>: com.surajkamble.cozy_tracker.lib.VisibilityObserverKt.rememberVisibilityTracker.<no name provided> declared in com.surajkamble.cozy_tracker.lib.VisibilityObserverKt.rememberVisibilityTracker.<no name provided>.create' type=com.surajkamble.cozy_tracker.lib.VisibilityObserverKt.rememberVisibilityTracker.<no name provided> origin=null
                  ARG $tracker: GET_FIELD 'FIELD FIELD_FOR_CAPTURED_VALUE name:$tracker type:com.surajkamble.cozy_tracker.lib.VisibilityTracker visibility:public/*package*/ [final] declared in com.surajkamble.cozy_tracker.lib.VisibilityObserverKt.rememberVisibilityTracker.<no name provided>' type=com.surajkamble.cozy_tracker.lib.VisibilityTracker origin=null
                    receiver: GET_VAR '<this>: com.surajkamble.cozy_tracker.lib.VisibilityObserverKt.rememberVisibilityTracker.<no name provided> declared in com.surajkamble.cozy_tracker.lib.VisibilityObserverKt.rememberVisibilityTracker.<no name provided>.create' type=com.surajkamble.cozy_tracker.lib.VisibilityObserverKt.rememberVisibilityTracker.<no name provided> origin=null
                  ARG $completion: GET_VAR '$completion: kotlin.coroutines.Continuation<kotlin.Nothing> declared in com.surajkamble.cozy_tracker.lib.VisibilityObserverKt.rememberVisibilityTracker.<no name provided>.create' type=kotlin.coroutines.Continuation<kotlin.Nothing> origin=null
              SET_FIELD 'FIELD FIELD_FOR_CAPTURED_VALUE name:L$0 type:kotlin.Any? visibility:private declared in com.surajkamble.cozy_tracker.lib.VisibilityObserverKt.rememberVisibilityTracker.<no name provided>' type=kotlin.Unit origin=null
                receiver: GET_VAR 'val tmp0_result: com.surajkamble.cozy_tracker.lib.VisibilityObserverKt.rememberVisibilityTracker.<no name provided> [val] declared in com.surajkamble.cozy_tracker.lib.VisibilityObserverKt.rememberVisibilityTracker.<no name provided>.create' type=com.surajkamble.cozy_tracker.lib.VisibilityObserverKt.rememberVisibilityTracker.<no name provided> origin=null
                value: GET_VAR 'value: kotlin.Any? declared in com.surajkamble.cozy_tracker.lib.VisibilityObserverKt.rememberVisibilityTracker.<no name provided>.create' type=kotlin.Any? origin=null
              RETURN type=kotlin.Nothing from='public final fun create (value: kotlin.Any?, $completion: kotlin.coroutines.Continuation<kotlin.Nothing>): kotlin.coroutines.Continuation<kotlin.Unit> declared in com.surajkamble.cozy_tracker.lib.VisibilityObserverKt.rememberVisibilityTracker.<no name provided>'
                GET_VAR 'val tmp0_result: com.surajkamble.cozy_tracker.lib.VisibilityObserverKt.rememberVisibilityTracker.<no name provided> [val] declared in com.surajkamble.cozy_tracker.lib.VisibilityObserverKt.rememberVisibilityTracker.<no name provided>.create' type=com.surajkamble.cozy_tracker.lib.VisibilityObserverKt.rememberVisibilityTracker.<no name provided> origin=null
          FUN name:invoke visibility:public modality:FINAL returnType:kotlin.Any?
            VALUE_PARAMETER INSTANCE_RECEIVER kind:DispatchReceiver name:<this> index:0 type:com.surajkamble.cozy_tracker.lib.VisibilityObserverKt.rememberVisibilityTracker.<no name provided>
            VALUE_PARAMETER kind:Regular name:p1 index:1 type:kotlinx.coroutines.CoroutineScope
            VALUE_PARAMETER kind:Regular name:p2 index:2 type:kotlin.coroutines.Continuation<kotlin.Unit>?
            overridden:
              public abstract fun invoke (p1: P1 of kotlin.jvm.functions.Function2, p2: P2 of kotlin.jvm.functions.Function2): R of kotlin.jvm.functions.Function2 declared in kotlin.jvm.functions.Function2
            BLOCK_BODY
              RETURN type=kotlin.Nothing from='public final fun invoke (p1: kotlinx.coroutines.CoroutineScope, p2: kotlin.coroutines.Continuation<kotlin.Unit>?): kotlin.Any? declared in com.surajkamble.cozy_tracker.lib.VisibilityObserverKt.rememberVisibilityTracker.<no name provided>'
                CALL 'public final fun invokeSuspend ($result: kotlin.Result<kotlin.Any?>): kotlin.Any? declared in com.surajkamble.cozy_tracker.lib.VisibilityObserverKt.rememberVisibilityTracker.<no name provided>' type=kotlin.Any? origin=null
                  ARG <this>: TYPE_OP type=com.surajkamble.cozy_tracker.lib.VisibilityObserverKt.rememberVisibilityTracker.<no name provided> origin=IMPLICIT_CAST typeOperand=com.surajkamble.cozy_tracker.lib.VisibilityObserverKt.rememberVisibilityTracker.<no name provided>
                    CALL 'public final fun create (value: kotlin.Any?, $completion: kotlin.coroutines.Continuation<kotlin.Nothing>): kotlin.coroutines.Continuation<kotlin.Unit> declared in com.surajkamble.cozy_tracker.lib.VisibilityObserverKt.rememberVisibilityTracker.<no name provided>' type=kotlin.coroutines.Continuation<kotlin.Unit> origin=null
                      ARG <this>: GET_VAR '<this>: com.surajkamble.cozy_tracker.lib.VisibilityObserverKt.rememberVisibilityTracker.<no name provided> declared in com.surajkamble.cozy_tracker.lib.VisibilityObserverKt.rememberVisibilityTracker.<no name provided>.invoke' type=com.surajkamble.cozy_tracker.lib.VisibilityObserverKt.rememberVisibilityTracker.<no name provided> origin=null
                      ARG value: GET_VAR 'p1: kotlinx.coroutines.CoroutineScope declared in com.surajkamble.cozy_tracker.lib.VisibilityObserverKt.rememberVisibilityTracker.<no name provided>.invoke' type=kotlinx.coroutines.CoroutineScope origin=null
                      ARG $completion: GET_VAR 'p2: kotlin.coroutines.Continuation<kotlin.Unit>? declared in com.surajkamble.cozy_tracker.lib.VisibilityObserverKt.rememberVisibilityTracker.<no name provided>.invoke' type=kotlin.coroutines.Continuation<kotlin.Unit>? origin=null
                  ARG $result: CALL 'public final fun <unsafe-coerce> <T, R> (v: T of kotlin.jvm.internal.<unsafe-coerce>): R of kotlin.jvm.internal.<unsafe-coerce> declared in kotlin.jvm.internal' type=kotlin.Result<kotlin.Any?> origin=null
                    TYPE_ARG T: kotlin.Any?
                    TYPE_ARG R: kotlin.Result<kotlin.Any?>
                    ARG v: GET_FIELD 'FIELD FIELD_FOR_OBJECT_INSTANCE name:INSTANCE type:kotlin.Unit visibility:public [final,static] declared in kotlin.Unit' type=kotlin.Unit origin=null
          FIELD FIELD_FOR_CAPTURED_VALUE name:$config type:com.surajkamble.cozy_tracker.lib.VisibilityConfig visibility:public/*package*/ [final]
          FIELD FIELD_FOR_CAPTURED_VALUE name:$listState type:androidx.compose.foundation.lazy.LazyListState visibility:public/*package*/ [final]
          FIELD FIELD_FOR_CAPTURED_VALUE name:$tracker type:com.surajkamble.cozy_tracker.lib.VisibilityTracker visibility:public/*package*/ [final]
          FUN LOCAL_FUNCTION_FOR_LAMBDA name:invokeSuspend$lambda$0 visibility:private modality:FINAL returnType:androidx.compose.foundation.lazy.LazyListLayoutInfo
            VALUE_PARAMETER BOUND_VALUE_PARAMETER kind:Regular name:$listState index:0 type:androidx.compose.foundation.lazy.LazyListState
            BLOCK_BODY
              RETURN type=kotlin.Nothing from='private final fun invokeSuspend$lambda$0 ($listState: androidx.compose.foundation.lazy.LazyListState): androidx.compose.foundation.lazy.LazyListLayoutInfo declared in com.surajkamble.cozy_tracker.lib.VisibilityObserverKt.rememberVisibilityTracker.<no name provided>'
                CALL 'public final fun <get-layoutInfo> (): androidx.compose.foundation.lazy.LazyListLayoutInfo declared in androidx.compose.foundation.lazy.LazyListState' type=androidx.compose.foundation.lazy.LazyListLayoutInfo origin=GET_PROPERTY
                  ARG <this>: GET_VAR '$listState: androidx.compose.foundation.lazy.LazyListState declared in com.surajkamble.cozy_tracker.lib.VisibilityObserverKt.rememberVisibilityTracker.<no name provided>.invokeSuspend$lambda$0' type=androidx.compose.foundation.lazy.LazyListState origin=null
          FUN INLINE_LAMBDA name:invokeSuspend$lambda$1 visibility:private modality:FINAL returnType:kotlin.Any? [suspend]
            VALUE_PARAMETER kind:Regular name:it index:0 type:androidx.compose.foundation.lazy.LazyListLayoutInfo
            VALUE_PARAMETER CONTINUATION_CLASS kind:Regular name:$completion index:1 type:kotlin.coroutines.Continuation<kotlin.Boolean>
            BLOCK_BODY
              VAR name:$i$a$-filter-VisibilityObserverKt$rememberVisibilityTracker$2$2 type:kotlin.Int [val]
                CONST Int type=kotlin.Int value=0
              RETURN type=kotlin.Nothing from='private final fun invokeSuspend$lambda$1 (it: androidx.compose.foundation.lazy.LazyListLayoutInfo, $completion: kotlin.coroutines.Continuation<kotlin.Boolean>): kotlin.Any? [suspend] declared in com.surajkamble.cozy_tracker.lib.VisibilityObserverKt.rememberVisibilityTracker.<no name provided>'
                CALL 'public final fun isNotEmpty <T> (<this>: kotlin.collections.Collection<T of kotlin.collections.CollectionsKt.isNotEmpty>): kotlin.Boolean [inline] declared in kotlin.collections.CollectionsKt' type=kotlin.Boolean origin=null
                  TYPE_ARG T: androidx.compose.foundation.lazy.LazyListItemInfo
                  ARG <this>: CALL 'public abstract fun <get-visibleItemsInfo> (): kotlin.collections.List<androidx.compose.foundation.lazy.LazyListItemInfo> declared in androidx.compose.foundation.lazy.LazyListLayoutInfo' type=kotlin.collections.List<androidx.compose.foundation.lazy.LazyListItemInfo> origin=GET_PROPERTY
                    ARG <this>: GET_VAR 'it: androidx.compose.foundation.lazy.LazyListLayoutInfo declared in com.surajkamble.cozy_tracker.lib.VisibilityObserverKt.rememberVisibilityTracker.<no name provided>.invokeSuspend$lambda$1' type=androidx.compose.foundation.lazy.LazyListLayoutInfo origin=null
          FUN BRIDGE name:invoke visibility:public modality:OPEN returnType:kotlin.Any?
            VALUE_PARAMETER INSTANCE_RECEIVER kind:DispatchReceiver name:<this> index:0 type:com.surajkamble.cozy_tracker.lib.VisibilityObserverKt.rememberVisibilityTracker.<no name provided>
            VALUE_PARAMETER BRIDGE kind:Regular name:p1 index:1 type:kotlin.Any?
            VALUE_PARAMETER BRIDGE kind:Regular name:p2 index:2 type:kotlin.Any?
            EXPRESSION_BODY
              RETURN type=kotlin.Nothing from='public open fun invoke (p1: kotlin.Any?, p2: kotlin.Any?): kotlin.Any? declared in com.surajkamble.cozy_tracker.lib.VisibilityObserverKt.rememberVisibilityTracker.<no name provided>'
                CALL 'public final fun invoke (p1: kotlinx.coroutines.CoroutineScope, p2: kotlin.coroutines.Continuation<kotlin.Unit>?): kotlin.Any? declared in com.surajkamble.cozy_tracker.lib.VisibilityObserverKt.rememberVisibilityTracker.<no name provided>' type=kotlin.Any? origin=BRIDGE_DELEGATION
                  ARG <this>: GET_VAR '<this>: com.surajkamble.cozy_tracker.lib.VisibilityObserverKt.rememberVisibilityTracker.<no name provided> declared in com.surajkamble.cozy_tracker.lib.VisibilityObserverKt.rememberVisibilityTracker.<no name provided>.invoke' type=com.surajkamble.cozy_tracker.lib.VisibilityObserverKt.rememberVisibilityTracker.<no name provided> origin=null
                  ARG p1: TYPE_OP type=kotlinx.coroutines.CoroutineScope origin=IMPLICIT_CAST typeOperand=kotlinx.coroutines.CoroutineScope
                    GET_VAR 'p1: kotlin.Any? declared in com.surajkamble.cozy_tracker.lib.VisibilityObserverKt.rememberVisibilityTracker.<no name provided>.invoke' type=kotlin.Any? origin=null
                  ARG p2: TYPE_OP type=kotlin.coroutines.Continuation<*> origin=IMPLICIT_CAST typeOperand=kotlin.coroutines.Continuation<*>
                    GET_VAR 'p2: kotlin.Any? declared in com.surajkamble.cozy_tracker.lib.VisibilityObserverKt.rememberVisibilityTracker.<no name provided>.invoke' type=kotlin.Any? origin=null
        CONSTRUCTOR_CALL 'public/*package*/ constructor <init> ($config: com.surajkamble.cozy_tracker.lib.VisibilityConfig, $listState: androidx.compose.foundation.lazy.LazyListState, $tracker: com.surajkamble.cozy_tracker.lib.VisibilityTracker, $completion: kotlin.coroutines.Continuation<com.surajkamble.cozy_tracker.lib.VisibilityObserverKt.rememberVisibilityTracker.<no name provided>>?) [primary] declared in com.surajkamble.cozy_tracker.lib.VisibilityObserverKt.rememberVisibilityTracker.<no name provided>' type=com.surajkamble.cozy_tracker.lib.VisibilityObserverKt.rememberVisibilityTracker.<no name provided> origin=null
          ARG $config: GET_VAR 'config: com.surajkamble.cozy_tracker.lib.VisibilityConfig declared in com.surajkamble.cozy_tracker.lib.VisibilityObserverKt.rememberVisibilityTracker' type=com.surajkamble.cozy_tracker.lib.VisibilityConfig origin=null
          ARG $listState: GET_VAR 'listState: androidx.compose.foundation.lazy.LazyListState declared in com.surajkamble.cozy_tracker.lib.VisibilityObserverKt.rememberVisibilityTracker' type=androidx.compose.foundation.lazy.LazyListState origin=null
          ARG $tracker: GET_VAR 'val tracker: com.surajkamble.cozy_tracker.lib.VisibilityTracker [val] declared in com.surajkamble.cozy_tracker.lib.VisibilityObserverKt.rememberVisibilityTracker' type=com.surajkamble.cozy_tracker.lib.VisibilityTracker origin=null
          ARG $completion: CONST Null type=kotlin.Nothing? value=null

	at org.jetbrains.kotlin.backend.jvm.codegen.FunctionCodegen.generate(FunctionCodegen.kt:50)
	at org.jetbrains.kotlin.backend.jvm.codegen.FunctionCodegen.generate$default(FunctionCodegen.kt:43)
	at org.jetbrains.kotlin.backend.jvm.codegen.ClassCodegen.generateMethodNode(ClassCodegen.kt:422)
	at org.jetbrains.kotlin.backend.jvm.codegen.ClassCodegen.generateMethod(ClassCodegen.kt:439)
	at org.jetbrains.kotlin.backend.jvm.codegen.ClassCodegen.generate(ClassCodegen.kt:164)
	at org.jetbrains.kotlin.backend.jvm.JvmIrCodegenFactory.generateFile(JvmIrCodegenFactory.kt:419)
	at org.jetbrains.kotlin.backend.jvm.JvmIrCodegenFactory.invokeCodegen(JvmIrCodegenFactory.kt:388)
	at org.jetbrains.kotlin.cli.jvm.compiler.KotlinToJVMBytecodeCompiler.runCodegen$cli(KotlinToJVMBytecodeCompiler.kt:431)
	at org.jetbrains.kotlin.cli.pipeline.jvm.JvmBackendPipelinePhase.executePhase(JvmBackendPipelinePhase.kt:95)
	at org.jetbrains.kotlin.cli.pipeline.jvm.JvmBackendPipelinePhase.executePhase(JvmBackendPipelinePhase.kt:36)
	at org.jetbrains.kotlin.cli.pipeline.jvm.JvmBackendPipelinePhase.executePhase(JvmBackendPipelinePhase.kt:29)
	at org.jetbrains.kotlin.cli.pipeline.PipelinePhase.phaseBody(PipelinePhase.kt:68)
	at org.jetbrains.kotlin.cli.pipeline.PipelinePhase.phaseBody(PipelinePhase.kt:58)
	at org.jetbrains.kotlin.config.phaser.NamedCompilerPhase.invoke(CompilerPhase.kt:102)
	at org.jetbrains.kotlin.backend.common.phaser.CompositePhase.invoke(PhaseBuilders.kt:22)
	at org.jetbrains.kotlin.config.phaser.CompilerPhaseKt.invokeToplevel(CompilerPhase.kt:53)
	at org.jetbrains.kotlin.cli.pipeline.AbstractCliPipeline.runPhasedPipeline(AbstractCliPipeline.kt:109)
	at org.jetbrains.kotlin.cli.pipeline.AbstractCliPipeline.execute(AbstractCliPipeline.kt:68)
	at org.jetbrains.kotlin.cli.jvm.K2JVMCompiler.doExecutePhased(K2JVMCompiler.kt:78)
	at org.jetbrains.kotlin.cli.jvm.K2JVMCompiler.doExecutePhased(K2JVMCompiler.kt:44)
	at org.jetbrains.kotlin.cli.common.CLICompiler.execImpl(CLICompiler.kt:90)
	at org.jetbrains.kotlin.cli.common.CLICompiler.exec(CLICompiler.kt:352)
	at org.jetbrains.kotlin.incremental.IncrementalJvmCompilerRunnerBase.runCompiler(IncrementalJvmCompilerRunnerBase.kt:175)
	at org.jetbrains.kotlin.incremental.IncrementalJvmCompilerRunnerBase.runCompiler(IncrementalJvmCompilerRunnerBase.kt:38)
	at org.jetbrains.kotlin.incremental.IncrementalCompilerRunner.doCompile(IncrementalCompilerRunner.kt:504)
	at org.jetbrains.kotlin.incremental.IncrementalCompilerRunner.compileImpl(IncrementalCompilerRunner.kt:421)
	at org.jetbrains.kotlin.incremental.IncrementalCompilerRunner.compileNonIncrementally(IncrementalCompilerRunner.kt:306)
	at org.jetbrains.kotlin.incremental.IncrementalCompilerRunner.compile(IncrementalCompilerRunner.kt:133)
	at org.jetbrains.kotlin.daemon.CompileServiceImplBase.execIncrementalCompiler(CompileServiceImpl.kt:679)
	at org.jetbrains.kotlin.daemon.CompileServiceImplBase.access$execIncrementalCompiler(CompileServiceImpl.kt:93)
	at org.jetbrains.kotlin.daemon.CompileServiceImpl.compile(CompileServiceImpl.kt:1806)
	at java.base/jdk.internal.reflect.DirectMethodHandleAccessor.invoke(Unknown Source)
	at java.base/java.lang.reflect.Method.invoke(Unknown Source)
	at java.rmi/sun.rmi.server.UnicastServerRef.dispatch(Unknown Source)
	at java.rmi/sun.rmi.transport.Transport$1.run(Unknown Source)
	at java.rmi/sun.rmi.transport.Transport$1.run(Unknown Source)
	at java.base/java.security.AccessController.doPrivileged(Unknown Source)
	at java.rmi/sun.rmi.transport.Transport.serviceCall(Unknown Source)
	at java.rmi/sun.rmi.transport.tcp.TCPTransport.handleMessages(Unknown Source)
	at java.rmi/sun.rmi.transport.tcp.TCPTransport$ConnectionHandler.run0(Unknown Source)
	at java.rmi/sun.rmi.transport.tcp.TCPTransport$ConnectionHandler.lambda$run$0(Unknown Source)
	at java.base/java.security.AccessController.doPrivileged(Unknown Source)
	at java.rmi/sun.rmi.transport.tcp.TCPTransport$ConnectionHandler.run(Unknown Source)
	at java.base/java.util.concurrent.ThreadPoolExecutor.runWorker(Unknown Source)
	at java.base/java.util.concurrent.ThreadPoolExecutor$Worker.run(Unknown Source)
	at java.base/java.lang.Thread.run(Unknown Source)
Caused by: org.jetbrains.kotlin.codegen.CompilationException: Back-end (JVM) Internal error: Couldn't inline method call: CALL 'public final fun <get-current> (): T of androidx.compose.runtime.CompositionLocal [inline] declared in androidx.compose.runtime.CompositionLocal' type=androidx.lifecycle.LifecycleOwner origin=GET_PROPERTY
Method: null
File is unknown
The root cause java.lang.IllegalStateException was thrown at: org.jetbrains.kotlin.codegen.inline.SourceCompilerForInlineKt.getMethodNode(SourceCompilerForInline.kt:129)
	at org.jetbrains.kotlin.backend.jvm.codegen.IrInlineCodegen.genInlineCall(IrInlineCodegen.kt:82)
	at org.jetbrains.kotlin.backend.jvm.codegen.IrInlineCallGenerator.genCall(IrInlineCallGenerator.kt:36)
	at org.jetbrains.kotlin.backend.jvm.codegen.ExpressionCodegen.visitCall(ExpressionCodegen.kt:586)
	at org.jetbrains.kotlin.backend.jvm.codegen.ExpressionCodegen.visitCall(ExpressionCodegen.kt:135)
	at org.jetbrains.kotlin.ir.expressions.IrCall.accept(IrCall.kt:24)
	at org.jetbrains.kotlin.backend.jvm.codegen.ExpressionCodegen.visitVariable(ExpressionCodegen.kt:725)
	at org.jetbrains.kotlin.backend.jvm.codegen.ExpressionCodegen.visitVariable(ExpressionCodegen.kt:135)
	at org.jetbrains.kotlin.ir.declarations.IrVariable.accept(IrVariable.kt:36)
	at org.jetbrains.kotlin.backend.jvm.codegen.ExpressionCodegen.visitStatementContainer(ExpressionCodegen.kt:527)
	at org.jetbrains.kotlin.backend.jvm.codegen.ExpressionCodegen.visitBlockBody(ExpressionCodegen.kt:532)
	at org.jetbrains.kotlin.backend.jvm.codegen.ExpressionCodegen.visitBlockBody(ExpressionCodegen.kt:135)
	at org.jetbrains.kotlin.ir.expressions.IrBlockBody.accept(IrBlockBody.kt:20)
	at org.jetbrains.kotlin.backend.jvm.codegen.ExpressionCodegen.generate(ExpressionCodegen.kt:233)
	at org.jetbrains.kotlin.backend.jvm.codegen.FunctionCodegen.doGenerate(FunctionCodegen.kt:126)
	at org.jetbrains.kotlin.backend.jvm.codegen.FunctionCodegen.generate(FunctionCodegen.kt:47)
	... 45 more
Caused by: java.lang.IllegalStateException: couldn't find inline method Landroidx/compose/runtime/CompositionLocal;.getCurrent()Ljava/lang/Object;
	at org.jetbrains.kotlin.codegen.inline.SourceCompilerForInlineKt.getMethodNode(SourceCompilerForInline.kt:129)
	at org.jetbrains.kotlin.codegen.inline.SourceCompilerForInlineKt.loadCompiledInlineFunction$lambda$2(SourceCompilerForInline.kt:98)
	at org.jetbrains.kotlin.codegen.inline.InlineCache.computeMethodBytes(InlineCache.kt:90)
	at org.jetbrains.kotlin.codegen.inline.SourceCompilerForInlineKt.loadCompiledInlineFunction(SourceCompilerForInline.kt:93)
	at org.jetbrains.kotlin.backend.jvm.codegen.IrSourceCompilerForInline.compileInlineFunction(IrSourceCompilerForInline.kt:96)
	at org.jetbrains.kotlin.backend.jvm.codegen.IrInlineCodegen.genInlineCall(IrInlineCodegen.kt:65)
	... 59 more


